0 verbose cli /usr/local/bin/node /usr/local/lib/node_modules/npm/bin/npm-cli.js
1 info using npm@11.6.2
2 info using node@v25.0.0
3 silly config load:file:/usr/local/lib/node_modules/npm/npmrc
4 silly config load:file:/Users/carancibia/Downloads/personal-web/.npmrc
5 silly config load:file:/Users/carancibia/.npmrc
6 silly config load:file:/usr/local/etc/npmrc
7 verbose title npm exec lighthouse http://localhost:3000 --quiet --chrome-flags=--headless=new --no-sandbox --only-categories=performance,accessibility,best-practices,seo --output=json --output-path=/tmp/lighthouse-home-mobile.json
8 verbose argv "exec" "--yes" "--" "lighthouse" "http://localhost:3000" "--quiet" "--chrome-flags=--headless=new --no-sandbox" "--only-categories=performance,accessibility,best-practices,seo" "--output=json" "--output-path=/tmp/lighthouse-home-mobile.json"
9 verbose logfile logs-max:10 dir:/Users/carancibia/Downloads/personal-web/.npm-cache-lh/_logs/2026-03-05T23_39_13_853Z-
10 verbose logfile /Users/carancibia/Downloads/personal-web/.npm-cache-lh/_logs/2026-03-05T23_39_13_853Z-debug-0.log
11 silly logfile done cleaning log files
12 silly packumentCache heap:4496293888 maxSize:1124073472 maxEntrySize:562036736
13 http fetch GET 200 https://registry.npmjs.org/npm 1530ms
14 http fetch GET 200 https://registry.npmjs.org/lighthouse 916ms (cache miss)
15 silly packumentCache heap:4496293888 maxSize:1124073472 maxEntrySize:562036736
16 silly packumentCache heap:4496293888 maxSize:1124073472 maxEntrySize:562036736
17 verbose cwd /Users/carancibia/Downloads/personal-web
18 verbose os Darwin 25.3.0
19 verbose node v25.0.0
20 verbose npm  v11.6.2
21 notice
21 notice New minor version of npm available! 11.6.2 -> 11.11.0
21 notice Changelog: https://github.com/npm/cli/releases/tag/v11.11.0
21 notice To update run: npm install -g npm@11.11.0
21 notice  { force: true, Symbol(proc-log.meta): true }
22 verbose exit 0
23 info ok
